<?xml version="1.0" encoding="UTF-8"?>
<!-- Generated by org.testng.reporters.JUnitReportReporter -->
<testsuite hostname="K_MULAUDZI" failures="0" tests="1" name="rahulshettyacademy.test.StandAloneTest" time="14.281" errors="0" timestamp="2023-05-29T11:34:10 SAST" skipped="0">
  <testcase classname="rahulshettyacademy.test.StandAloneTest" name="submitOrder" time="14.281"/>
  <system-out/>
</testsuite> <!-- rahulshettyacademy.test.StandAloneTest -->
