<?xml version="1.0" encoding="UTF-8"?>
<!-- Generated by org.testng.reporters.JUnitReportReporter -->
<testsuite hostname="K_MULAUDZI" failures="0" tests="1" name="cucumber.TestNGTestRunner" time="14.614" errors="0" timestamp="2023-06-19T16:22:38 SAST" skipped="0">
  <testcase classname="cucumber.TestNGTestRunner" name="runScenario" time="14.614"/>
  <system-out/>
</testsuite> <!-- cucumber.TestNGTestRunner -->
