<?xml version="1.0" encoding="UTF-8"?>
<!-- Generated by org.testng.reporters.JUnitReportReporter -->
<testsuite hostname="K_MULAUDZI" failures="0" tests="4" name="rahulshettyacademy.test.SubmitOrderTest" time="47.161" errors="0" timestamp="2023-07-13T12:44:28 SAST" skipped="1">
  <testcase classname="rahulshettyacademy.test.SubmitOrderTest" name="submitOrder" time="9.581">
    <skipped/>
  </testcase> <!-- submitOrder -->
  <system-out/>
  <testcase classname="rahulshettyacademy.test.SubmitOrderTest" name="submitOrder" time="12.723"/>
  <system-out/>
  <testcase classname="rahulshettyacademy.test.SubmitOrderTest" name="submitOrder" time="13.231"/>
  <system-out/>
  <testcase classname="rahulshettyacademy.test.SubmitOrderTest" name="checkHistoryPage" time="11.626"/>
  <system-out/>
</testsuite> <!-- rahulshettyacademy.test.SubmitOrderTest -->
