<?xml version="1.0" encoding="UTF-8"?>
<!-- Generated by org.testng.reporters.JUnitReportReporter -->
<testsuite hostname="K_MULAUDZI" failures="0" tests="4" name="rahulshettyacademy.test.SubmitOrderTest" time="61.983" errors="0" timestamp="2023-06-22T10:44:04 CAT" skipped="1">
  <testcase classname="rahulshettyacademy.test.SubmitOrderTest" name="submitOrder" time="9.962">
    <skipped/>
  </testcase> <!-- submitOrder -->
  <system-out/>
  <testcase classname="rahulshettyacademy.test.SubmitOrderTest" name="submitOrder" time="14.667"/>
  <system-out/>
  <testcase classname="rahulshettyacademy.test.SubmitOrderTest" name="submitOrder" time="29.307"/>
  <system-out/>
  <testcase classname="rahulshettyacademy.test.SubmitOrderTest" name="checkHistoryPage" time="8.047"/>
  <system-out/>
</testsuite> <!-- rahulshettyacademy.test.SubmitOrderTest -->
