<?xml version="1.0" encoding="UTF-8"?>
<!-- Generated by org.testng.reporters.JUnitReportReporter -->
<testsuite hostname="K_MULAUDZI" failures="0" tests="1" name="rahulshettyacademy.test.ErrorValidations" time="12.203" errors="0" timestamp="2023-07-14T15:00:51 CAT" skipped="0">
  <testcase classname="rahulshettyacademy.test.ErrorValidations" name="runValidation" time="12.203"/>
  <system-out/>
</testsuite> <!-- rahulshettyacademy.test.ErrorValidations -->
