<?xml version="1.0" encoding="UTF-8"?>
<!-- Generated by org.testng.reporters.JUnitReportReporter -->
<testsuite hostname="K_MULAUDZI" failures="0" tests="1" name="seleium.openBrowser" time="9.292" errors="0" timestamp="2023-07-14T13:30:13 SAST" skipped="0">
  <testcase classname="seleium.openBrowser" name="goTo" time="9.292"/>
  <system-out/>
</testsuite> <!-- seleium.openBrowser -->
