<?xml version="1.0" encoding="UTF-8"?>
<!-- Generated by org.testng.reporters.JUnitReportReporter -->
<testsuite hostname="K_MULAUDZI" failures="0" tests="1" name="seleium.openBrowser" time="5.932" errors="0" timestamp="2023-08-07T19:34:16 SAST" skipped="0">
  <testcase classname="seleium.openBrowser" name="goTo" time="5.932"/>
  <system-out/>
</testsuite> <!-- seleium.openBrowser -->
